<?xml version="1.0" encoding="UTF-8"?>
<!-- Generated by org.testng.reporters.JUnitReportReporter -->
<testsuite hostname="karna" failures="0" tests="3" name="TestNg.InvocationCount" time="0.008" errors="0" timestamp="2024-10-17T12:33:57 IST" skipped="0">
  <testcase classname="TestNg.InvocationCount" name="demo4" time="0.002"/>
  <system-out>
    <![CDATA[Demo 4]]>
  </system-out>
  <testcase classname="TestNg.InvocationCount" name="demo1" time="0.004"/>
  <system-out>
    <![CDATA[Demo 1]]>
  </system-out>
  <testcase classname="TestNg.InvocationCount" name="demo1" time="0.002"/>
  <system-out>
    <![CDATA[Demo 1]]>
  </system-out>
</testsuite> <!-- TestNg.InvocationCount -->
