<?xml version="1.0" encoding="UTF-8"?>
<!-- Generated by org.testng.reporters.JUnitReportReporter -->
<testsuite hostname="karna" failures="0" tests="2" name="distributedParallelExecution.Test4" time="0.007" errors="0" timestamp="2024-10-18T13:24:09 IST" skipped="0">
  <testcase classname="distributedParallelExecution.Test4" name="demo4" time="0.003"/>
  <system-out/>
  <testcase classname="distributedParallelExecution.Test4" name="demo41" time="0.004"/>
  <system-out/>
</testsuite> <!-- distributedParallelExecution.Test4 -->
