<?xml version="1.0" encoding="UTF-8"?>
<!-- Generated by org.testng.reporters.JUnitReportReporter -->
<testsuite hostname="karna" failures="0" tests="1" name="SkillraryDemoApp.AddCategory" time="9.645" errors="0" timestamp="2024-10-17T12:30:05 IST" skipped="0">
  <testcase classname="SkillraryDemoApp.AddCategory" name="addcategory" time="9.645"/>
  <system-out/>
</testsuite> <!-- SkillraryDemoApp.AddCategory -->
