<?xml version="1.0" encoding="UTF-8"?>
<!-- Generated by org.testng.reporters.JUnitReportReporter -->
<testsuite hostname="karna" failures="0" tests="6" name="TestNg.SampleTest" time="0.017" errors="0" timestamp="2024-10-17T12:33:57 IST" skipped="0">
  <testcase classname="TestNg.SampleTest" name="demo1" time="0.004"/>
  <system-out>
    <![CDATA[hello wrold1]]>
  </system-out>
  <testcase classname="TestNg.SampleTest" name="demo4" time="0.002"/>
  <system-out>
    <![CDATA[hello wrold4]]>
  </system-out>
  <testcase classname="TestNg.SampleTest" name="demo3" time="0.002"/>
  <system-out>
    <![CDATA[hello wrold3]]>
  </system-out>
  <testcase classname="TestNg.SampleTest" name="demo2" time="0.004"/>
  <system-out>
    <![CDATA[hello wrold2]]>
  </system-out>
  <testcase classname="TestNg.SampleTest" name="demo5" time="0.002"/>
  <system-out>
    <![CDATA[hello wrold5]]>
  </system-out>
  <testcase classname="TestNg.SampleTest" name="demo" time="0.003"/>
  <system-out>
    <![CDATA[hello wrold]]>
  </system-out>
</testsuite> <!-- TestNg.SampleTest -->
