<?xml version="1.0" encoding="UTF-8"?>
<!-- Generated by org.testng.reporters.JUnitReportReporter -->
<testsuite hostname="karna" failures="0" tests="1" name="Annotaion.TestClass" time="0.021" errors="0" timestamp="2024-10-16T13:36:26 IST" skipped="0">
  <testcase classname="Annotaion.TestClass" name="method" time="0.021"/>
  <system-out/>
</testsuite> <!-- Annotaion.TestClass -->
