<?xml version="1.0" encoding="UTF-8"?>
<!-- Generated by org.testng.reporters.JUnitReportReporter -->
<testsuite hostname="karna" failures="0" tests="3" name="GroupTesting.Test2" time="0.005" errors="0" timestamp="2024-10-17T13:21:26 IST" skipped="0">
  <testcase classname="GroupTesting.Test2" name="demo3" time="0.001"/>
  <system-out/>
  <testcase classname="GroupTesting.Test2" name="demo1" time="0.003"/>
  <system-out/>
  <testcase classname="GroupTesting.Test2" name="demo2" time="0.001"/>
  <system-out/>
</testsuite> <!-- GroupTesting.Test2 -->
