<?xml version="1.0" encoding="UTF-8"?>
<!-- Generated by org.testng.reporters.JUnitReportReporter -->
<testsuite hostname="karna" failures="0" tests="2" name="TestNg.DependOnMethod" time="10.941" errors="0" timestamp="2024-10-17T12:33:57 IST" skipped="0">
  <testcase classname="TestNg.DependOnMethod" name="LoginTest" time="5.452"/>
  <system-out/>
  <testcase classname="TestNg.DependOnMethod" name="navigateTest" time="5.489"/>
  <system-out/>
</testsuite> <!-- TestNg.DependOnMethod -->
