<?xml version="1.0" encoding="UTF-8"?>
<!-- Generated by org.testng.reporters.JUnitReportReporter -->
<testsuite hostname="karna" failures="0" tests="1" name="GroupTesting.Test4" time="0.003" errors="0" timestamp="2024-10-17T13:21:26 IST" skipped="0">
  <testcase classname="GroupTesting.Test4" name="demo3" time="0.003"/>
  <system-out/>
</testsuite> <!-- GroupTesting.Test4 -->
