<?xml version="1.0" encoding="UTF-8"?>
<!-- Generated by org.testng.reporters.JUnitReportReporter -->
<testsuite hostname="karna" failures="0" tests="3" name="TestNg.DataProviders" time="0.019" errors="0" timestamp="2024-10-17T12:33:57 IST" skipped="0">
  <testcase classname="TestNg.DataProviders" name="bookTicket" time="0.002"/>
  <system-out/>
  <testcase classname="TestNg.DataProviders" name="bookTicket" time="0.015"/>
  <system-out/>
  <testcase classname="TestNg.DataProviders" name="bookTicket" time="0.002"/>
  <system-out/>
</testsuite> <!-- TestNg.DataProviders -->
