<?xml version="1.0" encoding="UTF-8"?>
<!-- Generated by org.testng.reporters.JUnitReportReporter -->
<testsuite hostname="karna" failures="0" tests="3" name="GroupTesting.Test3" time="0.029" errors="0" timestamp="2024-10-17T13:21:26 IST" skipped="0">
  <testcase classname="GroupTesting.Test3" name="demo2" time="0.002"/>
  <system-out/>
  <testcase classname="GroupTesting.Test3" name="demo1" time="0.022"/>
  <system-out/>
  <testcase classname="GroupTesting.Test3" name="demo3" time="0.005"/>
  <system-out/>
</testsuite> <!-- GroupTesting.Test3 -->
