<?xml version="1.0" encoding="UTF-8"?>
<!-- Generated by org.testng.reporters.JUnitReportReporter -->
<testsuite hostname="karna" failures="0" tests="2" name="distributedParallelExecution.Test6" time="0.017" errors="0" timestamp="2024-10-18T13:24:09 IST" skipped="0">
  <testcase classname="distributedParallelExecution.Test6" name="demo1" time="0.014"/>
  <system-out/>
  <testcase classname="distributedParallelExecution.Test6" name="demo2" time="0.003"/>
  <system-out/>
</testsuite> <!-- distributedParallelExecution.Test6 -->
