<?xml version="1.0" encoding="UTF-8"?>
<!-- Generated by org.testng.reporters.JUnitReportReporter -->
<testsuite hostname="karna" failures="0" tests="3" name="CrossBrowser.Test2" time="4.064" errors="0" timestamp="2024-10-18T13:36:27 IST" skipped="0">
  <testcase classname="CrossBrowser.Test2" name="seleniumTest" time="2.313"/>
  <system-out/>
  <testcase classname="CrossBrowser.Test2" name="seleniumTest" time="1.294"/>
  <system-out/>
  <testcase classname="CrossBrowser.Test2" name="seleniumTest" time="0.457"/>
  <system-out/>
</testsuite> <!-- CrossBrowser.Test2 -->
