<?xml version="1.0" encoding="UTF-8"?>
<!-- Generated by org.testng.reporters.JUnitReportReporter -->
<testsuite hostname="karna" failures="0" tests="2" name="TestNg.EnableTest" time="0.003" errors="0" timestamp="2024-10-17T12:33:57 IST" skipped="1">
  <testcase classname="TestNg.EnableTest" name="demo4" time="0.003"/>
  <system-out>
    <![CDATA[Demo 4]]>
  </system-out>
  <testcase classname="TestNg.EnableTest" name="demo1">
    <skipped/>
  </testcase> <!-- demo1 -->
  <system-out/>
</testsuite> <!-- TestNg.EnableTest -->
