<?xml version="1.0" encoding="UTF-8"?>
<!-- Generated by org.testng.reporters.JUnitReportReporter -->
<testsuite hostname="karna" failures="0" tests="3" name="CrossBrowser.Test1" time="27.252" errors="0" timestamp="2024-10-18T13:36:27 IST" skipped="0">
  <testcase classname="CrossBrowser.Test1" name="googleTest" time="15.991"/>
  <system-out/>
  <testcase classname="CrossBrowser.Test1" name="googleTest" time="6.880"/>
  <system-out/>
  <testcase classname="CrossBrowser.Test1" name="googleTest" time="4.381"/>
  <system-out/>
</testsuite> <!-- CrossBrowser.Test1 -->
