<?xml version="1.0" encoding="UTF-8"?>
<!-- Generated by org.testng.reporters.JUnitReportReporter -->
<testsuite hostname="karna" failures="0" tests="2" name="distributedParallelExecution.Test1" time="0.003" errors="0" timestamp="2024-10-18T13:24:09 IST" skipped="0">
  <testcase classname="distributedParallelExecution.Test1" name="demo2" time="0.001"/>
  <system-out/>
  <testcase classname="distributedParallelExecution.Test1" name="demo1" time="0.002"/>
  <system-out/>
</testsuite> <!-- distributedParallelExecution.Test1 -->
